Using pre-set license
Built from '2020.3/staging' branch; Version is '2020.3.0f1 (c7b5465681fb) revision 13088070'; Using compiler version '192528614'; Build Type 'Release'
OS: 'Windows 10 Home; OS build 19043.1165; Version 2009; 64bit' Language: 'ja' Physical Memory: 16240 MB
BatchMode: 1, IsHumanControllingUs: 0, StartBugReporterOnCrash: 0, Is64bit: 1, IsPro: 0

 COMMAND LINE ARGUMENTS:
C:\Program Files\Unity\Hub\Editor\2020.3.0f1\Editor\Unity.exe
-adb2
-batchMode
-noUpm
-name
AssetImportWorker0
-projectPath
C:/Users/kbc19/Desktop/Boccia_TeamFSOK/BOCCIA_FSOK
-logFile
Logs/AssetImportWorker0.log
-srvPort
63866
Successfully changed project path to: C:/Users/kbc19/Desktop/Boccia_TeamFSOK/BOCCIA_FSOK
C:/Users/kbc19/Desktop/Boccia_TeamFSOK/BOCCIA_FSOK
Using Asset Import Pipeline V2.
Refreshing native plugins compatible for Editor in 20.67 ms, found 0 plugins.
Preloading 0 native plugins for Editor in 0.00 ms.
Initialize engine version: 2020.3.0f1 (c7b5465681fb)
[Subsystems] Discovering subsystems at path C:/Program Files/Unity/Hub/Editor/2020.3.0f1/Editor/Data/Resources/UnitySubsystems
[Subsystems] Discovering subsystems at path C:/Users/kbc19/Desktop/Boccia_TeamFSOK/BOCCIA_FSOK/Assets
GfxDevice: creating device client; threaded=0
Direct3D:
    Version:  Direct3D 11.0 [level 11.1]
    Renderer: NVIDIA GeForce GTX 1660 Ti (ID=0x2191)
    Vendor:   
    VRAM:     5991 MB
    Driver:   27.21.14.6242
Initialize mono
Mono path[0] = 'C:/Program Files/Unity/Hub/Editor/2020.3.0f1/Editor/Data/Managed'
Mono path[1] = 'C:/Program Files/Unity/Hub/Editor/2020.3.0f1/Editor/Data/MonoBleedingEdge/lib/mono/unityjit'
Mono config path = 'C:/Program Files/Unity/Hub/Editor/2020.3.0f1/Editor/Data/MonoBleedingEdge/etc'
Using monoOptions --debugger-agent=transport=dt_socket,embedding=1,server=y,suspend=n,address=127.0.0.1:56208
Begin MonoManager ReloadAssembly
Registering precompiled unity dll's ...
Register platform support module: C:/Program Files/Unity/Hub/Editor/2020.3.0f1/Editor/Data/PlaybackEngines/WindowsStandaloneSupport/UnityEditor.WindowsStandalone.Extensions.dll
Registered in 0.001473 seconds.
Native extension for WindowsStandalone target not found
Refreshing native plugins compatible for Editor in 20.03 ms, found 0 plugins.
Preloading 0 native plugins for Editor in 0.00 ms.
Invoked RoslynAnalysisRunner static constructor.
RoslynAnalysisRunner will not be running.
RoslynAnalysisRunner has terminated.
Mono: successfully reloaded assembly
- Completed reload, in  0.934 seconds
Platform modules already initialized, skipping
Registering precompiled user dll's ...
Registered in 0.000553 seconds.
Begin MonoManager ReloadAssembly
Native extension for WindowsStandalone target not found
Refreshing native plugins compatible for Editor in 0.28 ms, found 0 plugins.
Preloading 0 native plugins for Editor in 0.00 ms.
Invoked RoslynAnalysisRunner static constructor.
RoslynAnalysisRunner will not be running.
RoslynAnalysisRunner has terminated.
Mono: successfully reloaded assembly
- Completed reload, in  0.801 seconds
Platform modules already initialized, skipping
========================================================================
Worker process is ready to serve import requests
Launched and connected shader compiler UnityShaderCompiler.exe after 0.05 seconds
Refreshing native plugins compatible for Editor in 0.18 ms, found 0 plugins.
Preloading 0 native plugins for Editor in 0.00 ms.
Unloading 1114 Unused Serialized files (Serialized files now loaded: 0)
System memory in use before: 59.6 MB.
System memory in use after: 59.7 MB.

Unloading 9 unused Assets to reduce memory usage. Loaded Objects now: 1557.
Total: 1.675800 ms (FindLiveObjects: 0.113800 ms CreateObjectMapping: 0.036500 ms MarkObjects: 1.469900 ms  DeleteObjects: 0.054800 ms)

========================================================================
Received Import Request.
  path: Assets/reo/Script/BallOperateScript.cs
  artifactKey: Guid(695b3c3f6923863488b9c5b2b166bc0a) Importer(815301076,1909f56bfc062723c751e8b465ee728b)
Start importing Assets/reo/Script/BallOperateScript.cs using Guid(695b3c3f6923863488b9c5b2b166bc0a) Importer(815301076,1909f56bfc062723c751e8b465ee728b)  -> (artifact id: '55260ba90600486985566e6104f97786') in 0.053956 seconds
  Import took 0.056090 seconds .

========================================================================
Received Prepare
Registering precompiled user dll's ...
Registered in 0.000554 seconds.
Begin MonoManager ReloadAssembly
Native extension for WindowsStandalone target not found
Refreshing native plugins compatible for Editor in 0.17 ms, found 0 plugins.
Preloading 0 native plugins for Editor in 0.00 ms.
Invoked RoslynAnalysisRunner static constructor.
RoslynAnalysisRunner will not be running.
RoslynAnalysisRunner has terminated.
Mono: successfully reloaded assembly
- Completed reload, in  0.699 seconds
Platform modules already initialized, skipping
Refreshing native plugins compatible for Editor in 0.21 ms, found 0 plugins.
Preloading 0 native plugins for Editor in 0.00 ms.
Unloading 1108 Unused Serialized files (Serialized files now loaded: 0)
System memory in use before: 59.5 MB.
System memory in use after: 59.6 MB.

Unloading 4 unused Assets to reduce memory usage. Loaded Objects now: 1560.
Total: 1.711200 ms (FindLiveObjects: 0.158400 ms CreateObjectMapping: 0.045800 ms MarkObjects: 1.489000 ms  DeleteObjects: 0.016900 ms)

========================================================================
Received Prepare
Registering precompiled user dll's ...
Registered in 0.000835 seconds.
Begin MonoManager ReloadAssembly
Native extension for WindowsStandalone target not found
Refreshing native plugins compatible for Editor in 0.23 ms, found 0 plugins.
Preloading 0 native plugins for Editor in 0.00 ms.
Invoked RoslynAnalysisRunner static constructor.
RoslynAnalysisRunner will not be running.
RoslynAnalysisRunner has terminated.
Mono: successfully reloaded assembly
- Completed reload, in  0.700 seconds
Platform modules already initialized, skipping
Refreshing native plugins compatible for Editor in 0.28 ms, found 0 plugins.
Preloading 0 native plugins for Editor in 0.00 ms.
Unloading 1108 Unused Serialized files (Serialized files now loaded: 0)
System memory in use before: 59.5 MB.
System memory in use after: 59.6 MB.

Unloading 4 unused Assets to reduce memory usage. Loaded Objects now: 1563.
Total: 1.781700 ms (FindLiveObjects: 0.210100 ms CreateObjectMapping: 0.036200 ms MarkObjects: 1.504300 ms  DeleteObjects: 0.013000 ms)

========================================================================
Received Import Request.
  Time since last request: 1020.500781 seconds.
  path: Assets/reo/Script/BallOperateScript.cs
  artifactKey: Guid(695b3c3f6923863488b9c5b2b166bc0a) Importer(815301076,1909f56bfc062723c751e8b465ee728b)
Start importing Assets/reo/Script/BallOperateScript.cs using Guid(695b3c3f6923863488b9c5b2b166bc0a) Importer(815301076,1909f56bfc062723c751e8b465ee728b)  -> (artifact id: '7d78a3fc35d2ea60cbf747f95f8dc06a') in 0.007671 seconds
  Import took 0.009692 seconds .

========================================================================
Received Prepare
Registering precompiled user dll's ...
Registered in 0.001128 seconds.
Begin MonoManager ReloadAssembly
Native extension for WindowsStandalone target not found
Refreshing native plugins compatible for Editor in 0.23 ms, found 0 plugins.
Preloading 0 native plugins for Editor in 0.00 ms.
Invoked RoslynAnalysisRunner static constructor.
RoslynAnalysisRunner will not be running.
RoslynAnalysisRunner has terminated.
Mono: successfully reloaded assembly
- Completed reload, in  0.681 seconds
Platform modules already initialized, skipping
Refreshing native plugins compatible for Editor in 0.21 ms, found 0 plugins.
Preloading 0 native plugins for Editor in 0.00 ms.
Unloading 1108 Unused Serialized files (Serialized files now loaded: 0)
System memory in use before: 59.5 MB.
System memory in use after: 59.6 MB.

Unloading 4 unused Assets to reduce memory usage. Loaded Objects now: 1566.
Total: 1.345800 ms (FindLiveObjects: 0.113500 ms CreateObjectMapping: 0.030400 ms MarkObjects: 1.174100 ms  DeleteObjects: 0.010500 ms)

========================================================================
Received Import Request.
  Time since last request: 97.884727 seconds.
  path: Assets/reo/Script/BallOperateScript.cs
  artifactKey: Guid(695b3c3f6923863488b9c5b2b166bc0a) Importer(815301076,1909f56bfc062723c751e8b465ee728b)
Start importing Assets/reo/Script/BallOperateScript.cs using Guid(695b3c3f6923863488b9c5b2b166bc0a) Importer(815301076,1909f56bfc062723c751e8b465ee728b)  -> (artifact id: '66f25b28bc88a1ceb9cc3a14df89379e') in 0.006370 seconds
  Import took 0.007983 seconds .

========================================================================
Received Import Request.
  Time since last request: 1.113719 seconds.
  path: Assets/reo/Script/BallOperateScript.cs
  artifactKey: Guid(695b3c3f6923863488b9c5b2b166bc0a) Importer(815301076,1909f56bfc062723c751e8b465ee728b)
Start importing Assets/reo/Script/BallOperateScript.cs using Guid(695b3c3f6923863488b9c5b2b166bc0a) Importer(815301076,1909f56bfc062723c751e8b465ee728b)  -> (artifact id: '66f25b28bc88a1ceb9cc3a14df89379e') in 0.002308 seconds
  Import took 0.004057 seconds .

========================================================================
Received Prepare
Registering precompiled user dll's ...
Registered in 0.000979 seconds.
Begin MonoManager ReloadAssembly
Native extension for WindowsStandalone target not found
Refreshing native plugins compatible for Editor in 0.18 ms, found 0 plugins.
Preloading 0 native plugins for Editor in 0.00 ms.
Invoked RoslynAnalysisRunner static constructor.
RoslynAnalysisRunner will not be running.
RoslynAnalysisRunner has terminated.
Mono: successfully reloaded assembly
- Completed reload, in  0.679 seconds
Platform modules already initialized, skipping
Refreshing native plugins compatible for Editor in 0.19 ms, found 0 plugins.
Preloading 0 native plugins for Editor in 0.00 ms.
Unloading 1108 Unused Serialized files (Serialized files now loaded: 0)
System memory in use before: 59.5 MB.
System memory in use after: 59.6 MB.

Unloading 4 unused Assets to reduce memory usage. Loaded Objects now: 1569.
Total: 2.128100 ms (FindLiveObjects: 0.131200 ms CreateObjectMapping: 0.039700 ms MarkObjects: 1.941000 ms  DeleteObjects: 0.015200 ms)

========================================================================
Received Prepare
Registering precompiled user dll's ...
Registered in 0.000597 seconds.
Begin MonoManager ReloadAssembly
Native extension for WindowsStandalone target not found
Refreshing native plugins compatible for Editor in 0.18 ms, found 0 plugins.
Preloading 0 native plugins for Editor in 0.00 ms.
Invoked RoslynAnalysisRunner static constructor.
RoslynAnalysisRunner will not be running.
RoslynAnalysisRunner has terminated.
Mono: successfully reloaded assembly
- Completed reload, in  0.639 seconds
Platform modules already initialized, skipping
Refreshing native plugins compatible for Editor in 0.23 ms, found 0 plugins.
Preloading 0 native plugins for Editor in 0.00 ms.
Unloading 1108 Unused Serialized files (Serialized files now loaded: 0)
System memory in use before: 59.5 MB.
System memory in use after: 59.6 MB.

Unloading 4 unused Assets to reduce memory usage. Loaded Objects now: 1572.
Total: 2.255400 ms (FindLiveObjects: 0.162200 ms CreateObjectMapping: 0.041500 ms MarkObjects: 2.035600 ms  DeleteObjects: 0.014900 ms)

========================================================================
Received Prepare
Registering precompiled user dll's ...
Registered in 0.000521 seconds.
Begin MonoManager ReloadAssembly
Native extension for WindowsStandalone target not found
Refreshing native plugins compatible for Editor in 0.26 ms, found 0 plugins.
Preloading 0 native plugins for Editor in 0.00 ms.
Invoked RoslynAnalysisRunner static constructor.
RoslynAnalysisRunner will not be running.
RoslynAnalysisRunner has terminated.
Mono: successfully reloaded assembly
- Completed reload, in  0.726 seconds
Platform modules already initialized, skipping
Refreshing native plugins compatible for Editor in 0.25 ms, found 0 plugins.
Preloading 0 native plugins for Editor in 0.00 ms.
Unloading 1108 Unused Serialized files (Serialized files now loaded: 0)
System memory in use before: 59.6 MB.
System memory in use after: 59.7 MB.

Unloading 4 unused Assets to reduce memory usage. Loaded Objects now: 1575.
Total: 1.548100 ms (FindLiveObjects: 0.143500 ms CreateObjectMapping: 0.031500 ms MarkObjects: 1.360400 ms  DeleteObjects: 0.011600 ms)

========================================================================
Received Import Request.
  Time since last request: 245.687913 seconds.
  path: Assets/reo/Script/BallOperateScript.cs
  artifactKey: Guid(695b3c3f6923863488b9c5b2b166bc0a) Importer(815301076,1909f56bfc062723c751e8b465ee728b)
Start importing Assets/reo/Script/BallOperateScript.cs using Guid(695b3c3f6923863488b9c5b2b166bc0a) Importer(815301076,1909f56bfc062723c751e8b465ee728b)  -> (artifact id: '4fba76551651f6b3344545b0e16c1bb6') in 0.005953 seconds
  Import took 0.008124 seconds .

========================================================================
Received Import Request.
  Time since last request: 1.254829 seconds.
  path: Assets/reo/Script/BallOperateScript.cs
  artifactKey: Guid(695b3c3f6923863488b9c5b2b166bc0a) Importer(815301076,1909f56bfc062723c751e8b465ee728b)
Start importing Assets/reo/Script/BallOperateScript.cs using Guid(695b3c3f6923863488b9c5b2b166bc0a) Importer(815301076,1909f56bfc062723c751e8b465ee728b)  -> (artifact id: '4fba76551651f6b3344545b0e16c1bb6') in 0.002477 seconds
  Import took 0.004168 seconds .

========================================================================
Received Prepare
Registering precompiled user dll's ...
Registered in 0.000531 seconds.
Begin MonoManager ReloadAssembly
Native extension for WindowsStandalone target not found
Refreshing native plugins compatible for Editor in 0.18 ms, found 0 plugins.
Preloading 0 native plugins for Editor in 0.00 ms.
Invoked RoslynAnalysisRunner static constructor.
RoslynAnalysisRunner will not be running.
RoslynAnalysisRunner has terminated.
Mono: successfully reloaded assembly
- Completed reload, in  0.701 seconds
Platform modules already initialized, skipping
Refreshing native plugins compatible for Editor in 0.19 ms, found 0 plugins.
Preloading 0 native plugins for Editor in 0.00 ms.
Unloading 1108 Unused Serialized files (Serialized files now loaded: 0)
System memory in use before: 59.6 MB.
System memory in use after: 59.7 MB.

Unloading 4 unused Assets to reduce memory usage. Loaded Objects now: 1578.
Total: 1.540000 ms (FindLiveObjects: 0.154200 ms CreateObjectMapping: 0.033000 ms MarkObjects: 1.341000 ms  DeleteObjects: 0.011100 ms)

========================================================================
Received Prepare
Registering precompiled user dll's ...
Registered in 0.001171 seconds.
Begin MonoManager ReloadAssembly
Native extension for WindowsStandalone target not found
Refreshing native plugins compatible for Editor in 0.18 ms, found 0 plugins.
Preloading 0 native plugins for Editor in 0.00 ms.
Invoked RoslynAnalysisRunner static constructor.
RoslynAnalysisRunner will not be running.
RoslynAnalysisRunner has terminated.
Mono: successfully reloaded assembly
- Completed reload, in  0.715 seconds
Platform modules already initialized, skipping
Refreshing native plugins compatible for Editor in 0.21 ms, found 0 plugins.
Preloading 0 native plugins for Editor in 0.00 ms.
Unloading 1108 Unused Serialized files (Serialized files now loaded: 0)
System memory in use before: 59.6 MB.
System memory in use after: 59.7 MB.

Unloading 4 unused Assets to reduce memory usage. Loaded Objects now: 1581.
Total: 1.679700 ms (FindLiveObjects: 0.169700 ms CreateObjectMapping: 0.042500 ms MarkObjects: 1.453900 ms  DeleteObjects: 0.012000 ms)

========================================================================
Received Import Request.
  Time since last request: 121.536206 seconds.
  path: Assets/reo/Material/PhysicsMaterial.physicMaterial
  artifactKey: Guid(9b758d24335f01d41a141dea5b82a99a) Importer(815301076,1909f56bfc062723c751e8b465ee728b)
Start importing Assets/reo/Material/PhysicsMaterial.physicMaterial using Guid(9b758d24335f01d41a141dea5b82a99a) Importer(815301076,1909f56bfc062723c751e8b465ee728b)  -> (artifact id: '1228362713f38a8dc529ce7c4415bd9a') in 0.027725 seconds
  Import took 0.031623 seconds .

========================================================================
Received Import Request.
  Time since last request: 0.000951 seconds.
  path: Assets/reo/Material/PhysicsMaterial.physicMaterial
  artifactKey: Guid(9b758d24335f01d41a141dea5b82a99a) Importer(815301076,1909f56bfc062723c751e8b465ee728b)
Start importing Assets/reo/Material/PhysicsMaterial.physicMaterial using Guid(9b758d24335f01d41a141dea5b82a99a) Importer(815301076,1909f56bfc062723c751e8b465ee728b)  -> (artifact id: '1228362713f38a8dc529ce7c4415bd9a') in 0.003250 seconds
  Import took 0.005588 seconds .

========================================================================
Received Prepare
Registering precompiled user dll's ...
Registered in 0.000619 seconds.
Begin MonoManager ReloadAssembly
Native extension for WindowsStandalone target not found
Refreshing native plugins compatible for Editor in 0.34 ms, found 0 plugins.
Preloading 0 native plugins for Editor in 0.00 ms.
Invoked RoslynAnalysisRunner static constructor.
RoslynAnalysisRunner will not be running.
RoslynAnalysisRunner has terminated.
Mono: successfully reloaded assembly
- Completed reload, in  0.671 seconds
Platform modules already initialized, skipping
Refreshing native plugins compatible for Editor in 0.18 ms, found 0 plugins.
Preloading 0 native plugins for Editor in 0.00 ms.
Unloading 1108 Unused Serialized files (Serialized files now loaded: 0)
System memory in use before: 59.6 MB.
System memory in use after: 59.7 MB.

Unloading 4 unused Assets to reduce memory usage. Loaded Objects now: 1584.
Total: 1.556200 ms (FindLiveObjects: 0.183200 ms CreateObjectMapping: 0.047000 ms MarkObjects: 1.314400 ms  DeleteObjects: 0.010700 ms)

========================================================================
Received Prepare
Registering precompiled user dll's ...
Registered in 0.000551 seconds.
Begin MonoManager ReloadAssembly
Native extension for WindowsStandalone target not found
Refreshing native plugins compatible for Editor in 0.18 ms, found 0 plugins.
Preloading 0 native plugins for Editor in 0.00 ms.
Invoked RoslynAnalysisRunner static constructor.
RoslynAnalysisRunner will not be running.
RoslynAnalysisRunner has terminated.
Mono: successfully reloaded assembly
- Completed reload, in  0.662 seconds
Platform modules already initialized, skipping
Refreshing native plugins compatible for Editor in 0.21 ms, found 0 plugins.
Preloading 0 native plugins for Editor in 0.00 ms.
Unloading 1108 Unused Serialized files (Serialized files now loaded: 0)
System memory in use before: 59.6 MB.
System memory in use after: 59.7 MB.

Unloading 4 unused Assets to reduce memory usage. Loaded Objects now: 1587.
Total: 1.685500 ms (FindLiveObjects: 0.132900 ms CreateObjectMapping: 0.036400 ms MarkObjects: 1.502500 ms  DeleteObjects: 0.012600 ms)

========================================================================
Received Import Request.
  Time since last request: 342.607275 seconds.
  path: Assets/reo/Script/BallOperateScript.cs
  artifactKey: Guid(695b3c3f6923863488b9c5b2b166bc0a) Importer(815301076,1909f56bfc062723c751e8b465ee728b)
Start importing Assets/reo/Script/BallOperateScript.cs using Guid(695b3c3f6923863488b9c5b2b166bc0a) Importer(815301076,1909f56bfc062723c751e8b465ee728b)  -> (artifact id: '65f8a1fcf0140f292112c3c98b6725b9') in 0.004608 seconds
  Import took 0.006497 seconds .

========================================================================
Received Import Request.
  Time since last request: 1.323472 seconds.
  path: Assets/reo/Script/BallOperateScript.cs
  artifactKey: Guid(695b3c3f6923863488b9c5b2b166bc0a) Importer(815301076,1909f56bfc062723c751e8b465ee728b)
Start importing Assets/reo/Script/BallOperateScript.cs using Guid(695b3c3f6923863488b9c5b2b166bc0a) Importer(815301076,1909f56bfc062723c751e8b465ee728b)  -> (artifact id: '65f8a1fcf0140f292112c3c98b6725b9') in 0.002245 seconds
  Import took 0.003913 seconds .

========================================================================
Received Prepare
Registering precompiled user dll's ...
Registered in 0.000514 seconds.
Begin MonoManager ReloadAssembly
Native extension for WindowsStandalone target not found
Refreshing native plugins compatible for Editor in 0.18 ms, found 0 plugins.
Preloading 0 native plugins for Editor in 0.00 ms.
Invoked RoslynAnalysisRunner static constructor.
RoslynAnalysisRunner will not be running.
RoslynAnalysisRunner has terminated.
Mono: successfully reloaded assembly
- Completed reload, in  0.658 seconds
Platform modules already initialized, skipping
Refreshing native plugins compatible for Editor in 0.21 ms, found 0 plugins.
Preloading 0 native plugins for Editor in 0.00 ms.
Unloading 1108 Unused Serialized files (Serialized files now loaded: 0)
System memory in use before: 59.6 MB.
System memory in use after: 59.7 MB.

Unloading 4 unused Assets to reduce memory usage. Loaded Objects now: 1590.
Total: 2.005700 ms (FindLiveObjects: 0.131600 ms CreateObjectMapping: 0.041400 ms MarkObjects: 1.817200 ms  DeleteObjects: 0.014400 ms)

========================================================================
Received Import Request.
  Time since last request: 25.399761 seconds.
  path: Assets/reo/Script/BallOperateScript.cs
  artifactKey: Guid(695b3c3f6923863488b9c5b2b166bc0a) Importer(815301076,1909f56bfc062723c751e8b465ee728b)
Start importing Assets/reo/Script/BallOperateScript.cs using Guid(695b3c3f6923863488b9c5b2b166bc0a) Importer(815301076,1909f56bfc062723c751e8b465ee728b)  -> (artifact id: '1f9a9eec70f7c258525c2145146fcd66') in 0.009968 seconds
  Import took 0.014649 seconds .

========================================================================
Received Prepare
Registering precompiled user dll's ...
Registered in 0.000627 seconds.
Begin MonoManager ReloadAssembly
Native extension for WindowsStandalone target not found
Refreshing native plugins compatible for Editor in 0.18 ms, found 0 plugins.
Preloading 0 native plugins for Editor in 0.00 ms.
Invoked RoslynAnalysisRunner static constructor.
RoslynAnalysisRunner will not be running.
RoslynAnalysisRunner has terminated.
Mono: successfully reloaded assembly
- Completed reload, in  0.673 seconds
Platform modules already initialized, skipping
Refreshing native plugins compatible for Editor in 0.23 ms, found 0 plugins.
Preloading 0 native plugins for Editor in 0.00 ms.
Unloading 1108 Unused Serialized files (Serialized files now loaded: 0)
System memory in use before: 59.6 MB.
System memory in use after: 59.7 MB.

Unloading 4 unused Assets to reduce memory usage. Loaded Objects now: 1593.
Total: 1.706500 ms (FindLiveObjects: 0.116000 ms CreateObjectMapping: 0.032800 ms MarkObjects: 1.545200 ms  DeleteObjects: 0.011300 ms)

========================================================================
Received Import Request.
  Time since last request: 38.391481 seconds.
  path: Assets/reo/Script/BallOperateScript.cs
  artifactKey: Guid(695b3c3f6923863488b9c5b2b166bc0a) Importer(815301076,1909f56bfc062723c751e8b465ee728b)
Start importing Assets/reo/Script/BallOperateScript.cs using Guid(695b3c3f6923863488b9c5b2b166bc0a) Importer(815301076,1909f56bfc062723c751e8b465ee728b)  -> (artifact id: 'c39f58fc005c440ec35e0f44f3a1dafa') in 0.004083 seconds
  Import took 0.006516 seconds .

========================================================================
Received Import Request.
  Time since last request: 1.148178 seconds.
  path: Assets/reo/Script/BallOperateScript.cs
  artifactKey: Guid(695b3c3f6923863488b9c5b2b166bc0a) Importer(815301076,1909f56bfc062723c751e8b465ee728b)
Start importing Assets/reo/Script/BallOperateScript.cs using Guid(695b3c3f6923863488b9c5b2b166bc0a) Importer(815301076,1909f56bfc062723c751e8b465ee728b)  -> (artifact id: 'c39f58fc005c440ec35e0f44f3a1dafa') in 0.002791 seconds
  Import took 0.004372 seconds .

========================================================================
Received Prepare
Registering precompiled user dll's ...
Registered in 0.000642 seconds.
Begin MonoManager ReloadAssembly
Native extension for WindowsStandalone target not found
Refreshing native plugins compatible for Editor in 0.18 ms, found 0 plugins.
Preloading 0 native plugins for Editor in 0.00 ms.
Invoked RoslynAnalysisRunner static constructor.
RoslynAnalysisRunner will not be running.
RoslynAnalysisRunner has terminated.
Mono: successfully reloaded assembly
- Completed reload, in  0.703 seconds
Platform modules already initialized, skipping
Refreshing native plugins compatible for Editor in 0.18 ms, found 0 plugins.
Preloading 0 native plugins for Editor in 0.00 ms.
Unloading 1108 Unused Serialized files (Serialized files now loaded: 0)
System memory in use before: 59.6 MB.
System memory in use after: 59.7 MB.

Unloading 4 unused Assets to reduce memory usage. Loaded Objects now: 1596.
Total: 1.477900 ms (FindLiveObjects: 0.116600 ms CreateObjectMapping: 0.030400 ms MarkObjects: 1.319200 ms  DeleteObjects: 0.010700 ms)

========================================================================
Received Import Request.
  Time since last request: 36.702963 seconds.
  path: Assets/reo/Script/BallOperateScript.cs
  artifactKey: Guid(695b3c3f6923863488b9c5b2b166bc0a) Importer(815301076,1909f56bfc062723c751e8b465ee728b)
Start importing Assets/reo/Script/BallOperateScript.cs using Guid(695b3c3f6923863488b9c5b2b166bc0a) Importer(815301076,1909f56bfc062723c751e8b465ee728b)  -> (artifact id: '162973ef353a1bcbb120d0a271a23ae7') in 0.004290 seconds
  Import took 0.006184 seconds .

========================================================================
Received Prepare
Registering precompiled user dll's ...
Registered in 0.000623 seconds.
Begin MonoManager ReloadAssembly
Native extension for WindowsStandalone target not found
Refreshing native plugins compatible for Editor in 0.19 ms, found 0 plugins.
Preloading 0 native plugins for Editor in 0.00 ms.
Invoked RoslynAnalysisRunner static constructor.
RoslynAnalysisRunner will not be running.
RoslynAnalysisRunner has terminated.
Mono: successfully reloaded assembly
- Completed reload, in  0.685 seconds
Platform modules already initialized, skipping
Refreshing native plugins compatible for Editor in 0.20 ms, found 0 plugins.
Preloading 0 native plugins for Editor in 0.00 ms.
Unloading 1108 Unused Serialized files (Serialized files now loaded: 0)
System memory in use before: 59.6 MB.
System memory in use after: 59.7 MB.

Unloading 4 unused Assets to reduce memory usage. Loaded Objects now: 1599.
Total: 1.353100 ms (FindLiveObjects: 0.132000 ms CreateObjectMapping: 0.034300 ms MarkObjects: 1.175000 ms  DeleteObjects: 0.010800 ms)

========================================================================
Received Prepare
Registering precompiled user dll's ...
Registered in 0.000830 seconds.
Begin MonoManager ReloadAssembly
Native extension for WindowsStandalone target not found
Refreshing native plugins compatible for Editor in 0.18 ms, found 0 plugins.
Preloading 0 native plugins for Editor in 0.00 ms.
Invoked RoslynAnalysisRunner static constructor.
RoslynAnalysisRunner will not be running.
RoslynAnalysisRunner has terminated.
Mono: successfully reloaded assembly
- Completed reload, in  0.655 seconds
Platform modules already initialized, skipping
Refreshing native plugins compatible for Editor in 0.21 ms, found 0 plugins.
Preloading 0 native plugins for Editor in 0.00 ms.
Unloading 1108 Unused Serialized files (Serialized files now loaded: 0)
System memory in use before: 59.6 MB.
System memory in use after: 59.7 MB.

Unloading 4 unused Assets to reduce memory usage. Loaded Objects now: 1602.
Total: 1.900100 ms (FindLiveObjects: 0.140800 ms CreateObjectMapping: 0.045100 ms MarkObjects: 1.698400 ms  DeleteObjects: 0.014900 ms)

========================================================================
Received Import Request.
  Time since last request: 371.090759 seconds.
  path: Assets/reo/Material/CourtPhysicsMaterial.physicMaterial
  artifactKey: Guid(9b758d24335f01d41a141dea5b82a99a) Importer(815301076,1909f56bfc062723c751e8b465ee728b)
Start importing Assets/reo/Material/CourtPhysicsMaterial.physicMaterial using Guid(9b758d24335f01d41a141dea5b82a99a) Importer(815301076,1909f56bfc062723c751e8b465ee728b)  -> (artifact id: 'c888676f931a98912d420a1c9b53f79d') in 0.017019 seconds
  Import took 0.019333 seconds .

========================================================================
Received Import Request.
  Time since last request: 18.974920 seconds.
  path: Assets/reo/Material/BallPhysicsMaterial.physicMaterial
  artifactKey: Guid(680ecc2fb871f6946aba915826be1e73) Importer(815301076,1909f56bfc062723c751e8b465ee728b)
Start importing Assets/reo/Material/BallPhysicsMaterial.physicMaterial using Guid(680ecc2fb871f6946aba915826be1e73) Importer(815301076,1909f56bfc062723c751e8b465ee728b)  -> (artifact id: 'b11348ed2f0c42c01272bdfc3ade7692') in 0.009958 seconds
  Import took 0.011931 seconds .

========================================================================
Received Prepare
Registering precompiled user dll's ...
Registered in 0.001135 seconds.
Begin MonoManager ReloadAssembly
Native extension for WindowsStandalone target not found
Refreshing native plugins compatible for Editor in 0.21 ms, found 0 plugins.
Preloading 0 native plugins for Editor in 0.00 ms.
Invoked RoslynAnalysisRunner static constructor.
RoslynAnalysisRunner will not be running.
RoslynAnalysisRunner has terminated.
Mono: successfully reloaded assembly
- Completed reload, in  0.890 seconds
Platform modules already initialized, skipping
Refreshing native plugins compatible for Editor in 0.22 ms, found 0 plugins.
Preloading 0 native plugins for Editor in 0.00 ms.
Unloading 1108 Unused Serialized files (Serialized files now loaded: 0)
System memory in use before: 59.6 MB.
System memory in use after: 59.7 MB.

Unloading 4 unused Assets to reduce memory usage. Loaded Objects now: 1605.
Total: 1.886000 ms (FindLiveObjects: 0.138300 ms CreateObjectMapping: 0.030900 ms MarkObjects: 1.673700 ms  DeleteObjects: 0.042200 ms)

========================================================================
Received Prepare
Registering precompiled user dll's ...
Registered in 0.000583 seconds.
Begin MonoManager ReloadAssembly
Native extension for WindowsStandalone target not found
Refreshing native plugins compatible for Editor in 0.18 ms, found 0 plugins.
Preloading 0 native plugins for Editor in 0.00 ms.
Invoked RoslynAnalysisRunner static constructor.
RoslynAnalysisRunner will not be running.
RoslynAnalysisRunner has terminated.
Mono: successfully reloaded assembly
- Completed reload, in  0.662 seconds
Platform modules already initialized, skipping
Refreshing native plugins compatible for Editor in 0.22 ms, found 0 plugins.
Preloading 0 native plugins for Editor in 0.00 ms.
Unloading 1108 Unused Serialized files (Serialized files now loaded: 0)
System memory in use before: 59.7 MB.
System memory in use after: 59.8 MB.

Unloading 4 unused Assets to reduce memory usage. Loaded Objects now: 1608.
Total: 1.542400 ms (FindLiveObjects: 0.121900 ms CreateObjectMapping: 0.028600 ms MarkObjects: 1.380300 ms  DeleteObjects: 0.010900 ms)

========================================================================
Received Prepare
Registering precompiled user dll's ...
Registered in 0.000686 seconds.
Begin MonoManager ReloadAssembly
Native extension for WindowsStandalone target not found
Refreshing native plugins compatible for Editor in 0.28 ms, found 0 plugins.
Preloading 0 native plugins for Editor in 0.00 ms.
Invoked RoslynAnalysisRunner static constructor.
RoslynAnalysisRunner will not be running.
RoslynAnalysisRunner has terminated.
Mono: successfully reloaded assembly
- Completed reload, in  0.884 seconds
Platform modules already initialized, skipping
Refreshing native plugins compatible for Editor in 0.27 ms, found 0 plugins.
Preloading 0 native plugins for Editor in 0.00 ms.
Unloading 1108 Unused Serialized files (Serialized files now loaded: 0)
System memory in use before: 59.7 MB.
System memory in use after: 59.8 MB.

Unloading 4 unused Assets to reduce memory usage. Loaded Objects now: 1611.
Total: 1.817100 ms (FindLiveObjects: 0.162400 ms CreateObjectMapping: 0.062700 ms MarkObjects: 1.539600 ms  DeleteObjects: 0.050900 ms)

========================================================================
Received Prepare
Registering precompiled user dll's ...
Registered in 0.000624 seconds.
Begin MonoManager ReloadAssembly
Native extension for WindowsStandalone target not found
Refreshing native plugins compatible for Editor in 0.28 ms, found 0 plugins.
Preloading 0 native plugins for Editor in 0.00 ms.
Invoked RoslynAnalysisRunner static constructor.
RoslynAnalysisRunner will not be running.
RoslynAnalysisRunner has terminated.
Mono: successfully reloaded assembly
- Completed reload, in  0.901 seconds
Platform modules already initialized, skipping
Refreshing native plugins compatible for Editor in 0.31 ms, found 0 plugins.
Preloading 0 native plugins for Editor in 0.00 ms.
Unloading 1108 Unused Serialized files (Serialized files now loaded: 0)
System memory in use before: 59.7 MB.
System memory in use after: 59.8 MB.

Unloading 4 unused Assets to reduce memory usage. Loaded Objects now: 1614.
Total: 2.025600 ms (FindLiveObjects: 0.328000 ms CreateObjectMapping: 0.089700 ms MarkObjects: 1.594100 ms  DeleteObjects: 0.012700 ms)

========================================================================
Received Prepare
Registering precompiled user dll's ...
Registered in 0.000911 seconds.
Begin MonoManager ReloadAssembly
Native extension for WindowsStandalone target not found
Refreshing native plugins compatible for Editor in 0.22 ms, found 0 plugins.
Preloading 0 native plugins for Editor in 0.00 ms.
Invoked RoslynAnalysisRunner static constructor.
RoslynAnalysisRunner will not be running.
RoslynAnalysisRunner has terminated.
Mono: successfully reloaded assembly
- Completed reload, in  0.881 seconds
Platform modules already initialized, skipping
Refreshing native plugins compatible for Editor in 0.34 ms, found 0 plugins.
Preloading 0 native plugins for Editor in 0.00 ms.
Unloading 1108 Unused Serialized files (Serialized files now loaded: 0)
System memory in use before: 59.7 MB.
System memory in use after: 59.8 MB.

Unloading 4 unused Assets to reduce memory usage. Loaded Objects now: 1617.
Total: 2.570400 ms (FindLiveObjects: 0.262700 ms CreateObjectMapping: 0.118100 ms MarkObjects: 2.176200 ms  DeleteObjects: 0.012500 ms)

========================================================================
Received Prepare
Registering precompiled user dll's ...
Registered in 0.000594 seconds.
Begin MonoManager ReloadAssembly
Native extension for WindowsStandalone target not found
Refreshing native plugins compatible for Editor in 0.18 ms, found 0 plugins.
Preloading 0 native plugins for Editor in 0.00 ms.
Invoked RoslynAnalysisRunner static constructor.
RoslynAnalysisRunner will not be running.
RoslynAnalysisRunner has terminated.
Mono: successfully reloaded assembly
- Completed reload, in  0.676 seconds
Platform modules already initialized, skipping
Refreshing native plugins compatible for Editor in 0.19 ms, found 0 plugins.
Preloading 0 native plugins for Editor in 0.00 ms.
Unloading 1108 Unused Serialized files (Serialized files now loaded: 0)
System memory in use before: 59.7 MB.
System memory in use after: 59.8 MB.

Unloading 4 unused Assets to reduce memory usage. Loaded Objects now: 1620.
Total: 2.061800 ms (FindLiveObjects: 0.144000 ms CreateObjectMapping: 0.042100 ms MarkObjects: 1.859800 ms  DeleteObjects: 0.014400 ms)

========================================================================
Received Prepare
Registering precompiled user dll's ...
Registered in 0.000867 seconds.
Begin MonoManager ReloadAssembly
Native extension for WindowsStandalone target not found
Refreshing native plugins compatible for Editor in 0.18 ms, found 0 plugins.
Preloading 0 native plugins for Editor in 0.00 ms.
Invoked RoslynAnalysisRunner static constructor.
RoslynAnalysisRunner will not be running.
RoslynAnalysisRunner has terminated.
Mono: successfully reloaded assembly
- Completed reload, in  0.674 seconds
Platform modules already initialized, skipping
Refreshing native plugins compatible for Editor in 0.20 ms, found 0 plugins.
Preloading 0 native plugins for Editor in 0.00 ms.
Unloading 1108 Unused Serialized files (Serialized files now loaded: 0)
System memory in use before: 59.7 MB.
System memory in use after: 59.8 MB.

Unloading 4 unused Assets to reduce memory usage. Loaded Objects now: 1623.
Total: 1.625900 ms (FindLiveObjects: 0.210700 ms CreateObjectMapping: 0.032600 ms MarkObjects: 1.370100 ms  DeleteObjects: 0.011700 ms)

========================================================================
Received Import Request.
  Time since last request: 733.626656 seconds.
  path: Assets/reo/Script/BallOperateScript.cs
  artifactKey: Guid(695b3c3f6923863488b9c5b2b166bc0a) Importer(815301076,1909f56bfc062723c751e8b465ee728b)
Start importing Assets/reo/Script/BallOperateScript.cs using Guid(695b3c3f6923863488b9c5b2b166bc0a) Importer(815301076,1909f56bfc062723c751e8b465ee728b)  -> (artifact id: '780bf867cb5a5aa82711e06d530f102d') in 0.005799 seconds
  Import took 0.007553 seconds .

========================================================================
Received Import Request.
  Time since last request: 1.207691 seconds.
  path: Assets/reo/Script/BallOperateScript.cs
  artifactKey: Guid(695b3c3f6923863488b9c5b2b166bc0a) Importer(815301076,1909f56bfc062723c751e8b465ee728b)
Start importing Assets/reo/Script/BallOperateScript.cs using Guid(695b3c3f6923863488b9c5b2b166bc0a) Importer(815301076,1909f56bfc062723c751e8b465ee728b)  -> (artifact id: '780bf867cb5a5aa82711e06d530f102d') in 0.002400 seconds
  Import took 0.003977 seconds .

========================================================================
Received Prepare
Registering precompiled user dll's ...
Registered in 0.000525 seconds.
Begin MonoManager ReloadAssembly
Native extension for WindowsStandalone target not found
Refreshing native plugins compatible for Editor in 0.18 ms, found 0 plugins.
Preloading 0 native plugins for Editor in 0.00 ms.
Invoked RoslynAnalysisRunner static constructor.
RoslynAnalysisRunner will not be running.
RoslynAnalysisRunner has terminated.
Mono: successfully reloaded assembly
- Completed reload, in  0.678 seconds
Platform modules already initialized, skipping
Refreshing native plugins compatible for Editor in 0.18 ms, found 0 plugins.
Preloading 0 native plugins for Editor in 0.00 ms.
Unloading 1108 Unused Serialized files (Serialized files now loaded: 0)
System memory in use before: 59.7 MB.
System memory in use after: 59.8 MB.

Unloading 4 unused Assets to reduce memory usage. Loaded Objects now: 1626.
Total: 1.534200 ms (FindLiveObjects: 0.125000 ms CreateObjectMapping: 0.033000 ms MarkObjects: 1.364000 ms  DeleteObjects: 0.011200 ms)

========================================================================
Received Prepare
Registering precompiled user dll's ...
Registered in 0.000575 seconds.
Begin MonoManager ReloadAssembly
Native extension for WindowsStandalone target not found
Refreshing native plugins compatible for Editor in 0.17 ms, found 0 plugins.
Preloading 0 native plugins for Editor in 0.00 ms.
Invoked RoslynAnalysisRunner static constructor.
RoslynAnalysisRunner will not be running.
RoslynAnalysisRunner has terminated.
Mono: successfully reloaded assembly
- Completed reload, in  0.650 seconds
Platform modules already initialized, skipping
Refreshing native plugins compatible for Editor in 0.25 ms, found 0 plugins.
Preloading 0 native plugins for Editor in 0.00 ms.
Unloading 1108 Unused Serialized files (Serialized files now loaded: 0)
System memory in use before: 59.7 MB.
System memory in use after: 59.8 MB.

Unloading 4 unused Assets to reduce memory usage. Loaded Objects now: 1629.
Total: 1.511700 ms (FindLiveObjects: 0.123700 ms CreateObjectMapping: 0.034500 ms MarkObjects: 1.341400 ms  DeleteObjects: 0.010900 ms)

========================================================================
Received Prepare
Registering precompiled user dll's ...
Registered in 0.000678 seconds.
Begin MonoManager ReloadAssembly
Native extension for WindowsStandalone target not found
Refreshing native plugins compatible for Editor in 0.17 ms, found 0 plugins.
Preloading 0 native plugins for Editor in 0.00 ms.
Invoked RoslynAnalysisRunner static constructor.
RoslynAnalysisRunner will not be running.
RoslynAnalysisRunner has terminated.
Mono: successfully reloaded assembly
- Completed reload, in  0.642 seconds
Platform modules already initialized, skipping
Refreshing native plugins compatible for Editor in 0.18 ms, found 0 plugins.
Preloading 0 native plugins for Editor in 0.00 ms.
Unloading 1108 Unused Serialized files (Serialized files now loaded: 0)
System memory in use before: 59.7 MB.
System memory in use after: 59.8 MB.

Unloading 4 unused Assets to reduce memory usage. Loaded Objects now: 1632.
Total: 1.465900 ms (FindLiveObjects: 0.108300 ms CreateObjectMapping: 0.031500 ms MarkObjects: 1.314900 ms  DeleteObjects: 0.010400 ms)

========================================================================
Received Import Request.
  Time since last request: 436.797884 seconds.
  path: Assets/reo/Script/Co.cs
  artifactKey: Guid(c1329207d849e49418ae31b6575c996c) Importer(815301076,1909f56bfc062723c751e8b465ee728b)
Start importing Assets/reo/Script/Co.cs using Guid(c1329207d849e49418ae31b6575c996c) Importer(815301076,1909f56bfc062723c751e8b465ee728b)  -> (artifact id: '06aca6d5583a02268a94ed1fd4f660af') in 0.008542 seconds
  Import took 0.010465 seconds .

========================================================================
Received Prepare
Registering precompiled user dll's ...
Registered in 0.000530 seconds.
Begin MonoManager ReloadAssembly
Native extension for WindowsStandalone target not found
Refreshing native plugins compatible for Editor in 0.18 ms, found 0 plugins.
Preloading 0 native plugins for Editor in 0.00 ms.
Invoked RoslynAnalysisRunner static constructor.
RoslynAnalysisRunner will not be running.
RoslynAnalysisRunner has terminated.
Mono: successfully reloaded assembly
- Completed reload, in  0.690 seconds
Platform modules already initialized, skipping
Refreshing native plugins compatible for Editor in 0.18 ms, found 0 plugins.
Preloading 0 native plugins for Editor in 0.00 ms.
Unloading 1109 Unused Serialized files (Serialized files now loaded: 0)
System memory in use before: 59.7 MB.
System memory in use after: 59.8 MB.

Unloading 4 unused Assets to reduce memory usage. Loaded Objects now: 1636.
Total: 2.984300 ms (FindLiveObjects: 0.209900 ms CreateObjectMapping: 0.063400 ms MarkObjects: 2.686800 ms  DeleteObjects: 0.022000 ms)

========================================================================
Received Prepare
Registering precompiled user dll's ...
Registered in 0.000738 seconds.
Begin MonoManager ReloadAssembly
Native extension for WindowsStandalone target not found
Refreshing native plugins compatible for Editor in 0.18 ms, found 0 plugins.
Preloading 0 native plugins for Editor in 0.00 ms.
Invoked RoslynAnalysisRunner static constructor.
RoslynAnalysisRunner will not be running.
RoslynAnalysisRunner has terminated.
Mono: successfully reloaded assembly
- Completed reload, in  0.717 seconds
Platform modules already initialized, skipping
Refreshing native plugins compatible for Editor in 0.21 ms, found 0 plugins.
Preloading 0 native plugins for Editor in 0.00 ms.
Unloading 1108 Unused Serialized files (Serialized files now loaded: 0)
System memory in use before: 59.7 MB.
System memory in use after: 59.8 MB.

Unloading 5 unused Assets to reduce memory usage. Loaded Objects now: 1638.
Total: 2.168800 ms (FindLiveObjects: 0.176300 ms CreateObjectMapping: 0.049900 ms MarkObjects: 1.921200 ms  DeleteObjects: 0.020300 ms)

========================================================================
Received Import Request.
  Time since last request: 30.374840 seconds.
  path: Assets/reo/Script/CourtConfigScript.cs
  artifactKey: Guid(4fd2f579feae835419307b52704dc34e) Importer(815301076,1909f56bfc062723c751e8b465ee728b)
Start importing Assets/reo/Script/CourtConfigScript.cs using Guid(4fd2f579feae835419307b52704dc34e) Importer(815301076,1909f56bfc062723c751e8b465ee728b)  -> (artifact id: '2ec364e5df12929ec5119fc87704aacf') in 0.009816 seconds
  Import took 0.012366 seconds .

========================================================================
Received Prepare
Registering precompiled user dll's ...
Registered in 0.000515 seconds.
Begin MonoManager ReloadAssembly
Native extension for WindowsStandalone target not found
Refreshing native plugins compatible for Editor in 0.18 ms, found 0 plugins.
Preloading 0 native plugins for Editor in 0.00 ms.
Invoked RoslynAnalysisRunner static constructor.
RoslynAnalysisRunner will not be running.
RoslynAnalysisRunner has terminated.
Mono: successfully reloaded assembly
- Completed reload, in  0.653 seconds
Platform modules already initialized, skipping
Refreshing native plugins compatible for Editor in 0.22 ms, found 0 plugins.
Preloading 0 native plugins for Editor in 0.00 ms.
Unloading 1109 Unused Serialized files (Serialized files now loaded: 0)
System memory in use before: 59.7 MB.
System memory in use after: 59.8 MB.

Unloading 4 unused Assets to reduce memory usage. Loaded Objects now: 1642.
Total: 1.605600 ms (FindLiveObjects: 0.121800 ms CreateObjectMapping: 0.028900 ms MarkObjects: 1.444000 ms  DeleteObjects: 0.010200 ms)

========================================================================
Received Prepare
Registering precompiled user dll's ...
Registered in 0.000561 seconds.
Begin MonoManager ReloadAssembly
Native extension for WindowsStandalone target not found
Refreshing native plugins compatible for Editor in 0.18 ms, found 0 plugins.
Preloading 0 native plugins for Editor in 0.00 ms.
Invoked RoslynAnalysisRunner static constructor.
RoslynAnalysisRunner will not be running.
RoslynAnalysisRunner has terminated.
Mono: successfully reloaded assembly
- Completed reload, in  0.646 seconds
Platform modules already initialized, skipping
Refreshing native plugins compatible for Editor in 0.20 ms, found 0 plugins.
Preloading 0 native plugins for Editor in 0.00 ms.
Unloading 1109 Unused Serialized files (Serialized files now loaded: 0)
System memory in use before: 59.7 MB.
System memory in use after: 59.8 MB.

Unloading 4 unused Assets to reduce memory usage. Loaded Objects now: 1645.
Total: 1.702900 ms (FindLiveObjects: 0.148400 ms CreateObjectMapping: 0.040500 ms MarkObjects: 1.499500 ms  DeleteObjects: 0.013100 ms)

========================================================================
Received Prepare
Registering precompiled user dll's ...
Registered in 0.000627 seconds.
Begin MonoManager ReloadAssembly
Native extension for WindowsStandalone target not found
Refreshing native plugins compatible for Editor in 0.18 ms, found 0 plugins.
Preloading 0 native plugins for Editor in 0.00 ms.
Invoked RoslynAnalysisRunner static constructor.
RoslynAnalysisRunner will not be running.
RoslynAnalysisRunner has terminated.
Mono: successfully reloaded assembly
- Completed reload, in  0.651 seconds
Platform modules already initialized, skipping
Refreshing native plugins compatible for Editor in 0.20 ms, found 0 plugins.
Preloading 0 native plugins for Editor in 0.00 ms.
Unloading 1109 Unused Serialized files (Serialized files now loaded: 0)
System memory in use before: 59.7 MB.
System memory in use after: 59.8 MB.

Unloading 4 unused Assets to reduce memory usage. Loaded Objects now: 1648.
Total: 1.824500 ms (FindLiveObjects: 0.138900 ms CreateObjectMapping: 0.041900 ms MarkObjects: 1.630600 ms  DeleteObjects: 0.012400 ms)

AssetImportWorkerClient::OnTransportError - code=2 error=End of file
